%!Adobe-FontList 1.18
%Locale:0x409

%BeginFont
Handler:DirectoryHandler
FontType:TrueType
FontName:clip-font
FamilyName:clip-font
StyleName:Regular
MenuName:clip-font
StyleBits:0
WeightClass:400
WidthClass:5
AngleClass:0
FullName:clip-font
WritingScript:Roman
OutlineFileName:\clip-font.ttf
DataFormat:sfntData
hasSVG:no
FileLength:109664
FileModTime:1459353059
NameArray:0,Mac,4,
NameArray:0,Win,1,clip-font
%EndFont

%BeginFont
Handler:DirectoryHandler
FontType:Type1
FontName:Entypo
FamilyName:Entypo
StyleName:Regular
MenuName:Entypo
StyleBits:0
WeightClass:400
WidthClass:5
AngleClass:0
FullName:Entypo
WritingScript:Roman
OutlineFileName:\Entypo.otf
DataFormat:sfntData
UsesStandardEncoding:yes
isCFF:yes
hasSVG:no
FileLength:31980
FileModTime:1351075698
NameArray:0,Mac,4,Entypo
NameArray:0,Win,1,Entypo
NameArray:0,Win,16,Entypo
%EndFont

%BeginFont
Handler:DirectoryHandler
FontType:Type1
FontName:MinionPro-Regular
FamilyName:Minion Pro
StyleName:Regular
MenuName:Minion Pro
StyleBits:0
WeightClass:400
WidthClass:5
AngleClass:0
FullName:Minion Pro
WritingScript:Roman
OutlineFileName:\MinionPro-Regular.otf
DataFormat:sfntData
UsesStandardEncoding:yes
isCFF:yes
hasSVG:no
FileLength:218640
FileModTime:1491989971
DesignSize:110
NameArray:0,Mac,4,Minion Pro
NameArray:0,Win,1,Minion Pro
%EndFont

%BeginFont
Handler:DirectoryHandler
FontType:TrueType
FontName:Roboto-Bold
FamilyName:Roboto
StyleName:Bold
MenuName:Roboto
StyleBits:2
WeightClass:700
WidthClass:5
AngleClass:0
FullName:Roboto Bold
WritingScript:Roman
OutlineFileName:\Roboto-Bold.ttf
DataFormat:sfntData
hasSVG:no
FileLength:135820
FileModTime:1418029416
NameArray:0,Mac,18,Roboto Bold
NameArray:0,Mac,4,Roboto Bold
NameArray:0,Win,1,Roboto
%EndFont

%BeginFont
Handler:DirectoryHandler
FontType:TrueType
FontName:Roboto-Italic
FamilyName:Roboto
StyleName:Italic
MenuName:Roboto
StyleBits:1
WeightClass:400
WidthClass:5
AngleClass:0
FullName:Roboto Italic
WritingScript:Roman
OutlineFileName:\Roboto-Italic.ttf
DataFormat:sfntData
hasSVG:no
FileLength:148540
FileModTime:1418029416
NameArray:0,Mac,18,Roboto Italic
NameArray:0,Mac,4,Roboto Italic
NameArray:0,Win,1,Roboto
%EndFont

%BeginFont
Handler:DirectoryHandler
FontType:TrueType
FontName:Roboto-Medium
FamilyName:Roboto
StyleName:Medium
MenuName:Roboto Medium
StyleBits:0
WeightClass:500
WidthClass:5
AngleClass:0
FullName:Roboto Medium
WritingScript:Roman
OutlineFileName:\Roboto-Medium.ttf
DataFormat:sfntData
hasSVG:no
FileLength:137308
FileModTime:1418029416
NameArray:0,Mac,18,Roboto Medium
NameArray:0,Mac,4,Roboto Medium
NameArray:0,Win,1,Roboto Medium
NameArray:0,Win,16,Roboto
%EndFont

%BeginFont
Handler:DirectoryHandler
FontType:TrueType
FontName:Roboto-Regular
FamilyName:Roboto
StyleName:Regular
MenuName:Roboto
StyleBits:0
WeightClass:400
WidthClass:5
AngleClass:0
FullName:Roboto Regular
WritingScript:Roman
OutlineFileName:\Roboto-Regular.ttf
DataFormat:sfntData
hasSVG:no
FileLength:145348
FileModTime:1418029416
NameArray:0,Mac,18,Roboto Regular
NameArray:0,Mac,4,Roboto Regular
NameArray:0,Win,1,Roboto
%EndFont

%BeginFont
Handler:DirectoryHandler
FontType:TrueType
FontName:Wingdings-Regular
FamilyName:Wingdings
StyleName:Regular
MenuName:Wingdings
StyleBits:0
WeightClass:400
WidthClass:5
AngleClass:0
FullName:Wingdings
WritingScript:Roman
OutlineFileName:\Wingdings.ttf
DataFormat:sfntData
hasSVG:no
FileLength:86384
FileModTime:1440269871
NameArray:0,Mac,4,Wingdings
NameArray:0,Win,1,Wingdings
%EndFont

