%!Adobe-FontList 1.18
%Locale:0x409

%BeginFont
Handler:DirectoryHandler
FontType:Type1
FontName:Entypo
FamilyName:Entypo
StyleName:Regular
MenuName:Entypo
StyleBits:0
WeightClass:400
WidthClass:5
AngleClass:0
FullName:Entypo
WritingScript:Roman
OutlineFileName:\Entypo.otf
DataFormat:sfntData
UsesStandardEncoding:yes
isCFF:yes
hasSVG:no
FileLength:31980
FileModTime:1351075698
NameArray:0,Mac,4,Entypo
NameArray:0,Win,1,Entypo
NameArray:0,Win,16,Entypo
%EndFont

%BeginFont
Handler:DirectoryHandler
FontType:TrueType
FontName:OpenSans-Bold
FamilyName:Open Sans
StyleName:Bold
MenuName:Open Sans
StyleBits:2
WeightClass:700
WidthClass:5
AngleClass:0
FullName:Open Sans Bold
WritingScript:Roman
OutlineFileName:\OpenSans-Bold.ttf
DataFormat:sfntData
hasSVG:no
FileLength:224592
FileModTime:1373449970
NameArray:0,Mac,4,Open Sans Bold
NameArray:0,Win,1,Open Sans
%EndFont

%BeginFont
Handler:DirectoryHandler
FontType:TrueType
FontName:OpenSans-Italic
FamilyName:Open Sans
StyleName:Italic
MenuName:Open Sans
StyleBits:1
WeightClass:400
WidthClass:5
AngleClass:1
FullName:Open Sans Italic
WritingScript:Roman
OutlineFileName:\OpenSans-Italic.ttf
DataFormat:sfntData
hasSVG:no
FileLength:212896
FileModTime:1373449970
NameArray:0,Mac,4,Open Sans Italic
NameArray:0,Win,1,Open Sans
%EndFont

%BeginFont
Handler:DirectoryHandler
FontType:TrueType
FontName:OpenSans
FamilyName:Open Sans
StyleName:Regular
MenuName:Open Sans
StyleBits:0
WeightClass:400
WidthClass:5
AngleClass:0
FullName:Open Sans
WritingScript:Roman
OutlineFileName:\OpenSans-Regular.ttf
DataFormat:sfntData
hasSVG:no
FileLength:217360
FileModTime:1373449970
NameArray:0,Mac,4,Open Sans
NameArray:0,Win,1,Open Sans
%EndFont

%BeginFont
Handler:DirectoryHandler
FontType:TrueType
FontName:OpenSans-Semibold
FamilyName:Open Sans
StyleName:Semibold
MenuName:Open Sans Semibold
StyleBits:0
WeightClass:600
WidthClass:5
AngleClass:0
FullName:Open Sans Semibold
WritingScript:Roman
OutlineFileName:\OpenSans-Semibold.ttf
DataFormat:sfntData
hasSVG:no
FileLength:221328
FileModTime:1305130602
NameArray:0,Mac,4,Open Sans Semibold
NameArray:0,Win,1,Open Sans Semibold
NameArray:0,Win,16,Open Sans
%EndFont

